
> consultorio-digital@0.1.0 dev
> next dev

▲ Next.js 16.1.4 (Turbopack)
- Local:         http://localhost:3000
- Network:       http://192.168.0.2:3000

✓ Starting...
⚠ The "middleware" file convention is deprecated. Please use "proxy" instead. Learn more: https://nextjs.org/docs/messages/middleware-to-proxy
✓ Ready in 1687ms
○ Compiling /dashboard/agenda ...
Error fetching appointments: Error: No autenticado
    at getAppointments (src/actions/appointmentActions.ts:101:13)
    at async AgendaPage (src/app/dashboard/agenda/page.tsx:12:36)
   99 |     const session = await auth();
  100 |     if (!session?.user?.id) {
> 101 |       throw new Error('No autenticado');
      |             ^
  102 |     }
  103 |
  104 |     await connectDB();
Your app (or one of its dependencies) is using an outdated JSX transform. Update to the modern JSX transform for faster performance: https://react.dev/link/new-jsx-transform
 GET /dashboard/agenda 200 in 7.6s (compile: 6.6s, proxy.ts: 147ms, render: 874ms)
✓ Compiled in 71ms
✓ Compiled in 218ms
[?25h
